<?xml version="1.0" encoding="UTF-8"?>
<!-- Generated by org.testng.reporters.JUnitXMLReporter -->
<testsuite ignored="2" hostname="01HW1889862" failures="0" tests="1" name="Test" time="20.248" errors="0" timestamp="2023-12-07T13:16:19 IST">
  <testcase classname="src.javaPackage.profile_signOut" name="profile" time="13.037"/>
  <testcase classname="src.javaPackage.profile_signOut" name="review_module_ChangePassword" time="0.0">
    <ignored/>
  </testcase> <!-- review_module_ChangePassword -->
  <testcase classname="src.javaPackage.profile_signOut" name="review_module_update" time="0.0">
    <ignored/>
  </testcase> <!-- review_module_update -->
</testsuite> <!-- Test -->
