<?xml version="1.0" encoding="UTF-8"?>
<testng-results ignored="0" total="2" passed="2" failed="0" skipped="0">
  <reporter-output>
  </reporter-output>
  <suite started-at="2023-11-16T13:35:02 IST" name="Default suite" finished-at="2023-11-16T13:35:36 IST" duration-ms="33426">
    <groups>
    </groups>
    <test started-at="2023-11-16T13:35:02 IST" name="Default test" finished-at="2023-11-16T13:35:36 IST" duration-ms="33426">
      <class name="Package.tag_module">
        <test-method is-config="true" signature="browser()[pri:0, instance:Package.tag_module@5d908d47]" started-at="2023-11-16T13:35:02 IST" name="browser" description="Lauching the Browser" finished-at="2023-11-16T13:35:10 IST" duration-ms="7452" status="PASS">
          <reporter-output>
          </reporter-output>
        </test-method> <!-- browser -->
        <test-method signature="module_tag_pending()[pri:1, instance:Package.tag_module@5d908d47]" started-at="2023-11-16T13:35:10 IST" name="module_tag_pending" description="tag-Pending" finished-at="2023-11-16T13:35:30 IST" duration-ms="19872" status="PASS">
          <reporter-output>
          </reporter-output>
        </test-method> <!-- module_tag_pending -->
        <test-method signature="module_tag_active()[pri:2, instance:Package.tag_module@5d908d47]" started-at="2023-11-16T13:35:30 IST" name="module_tag_active" description="tag-Active" finished-at="2023-11-16T13:35:36 IST" duration-ms="6055" status="PASS">
          <reporter-output>
          </reporter-output>
        </test-method> <!-- module_tag_active -->
      </class> <!-- Package.tag_module -->
    </test> <!-- Default test -->
  </suite> <!-- Default suite -->
</testng-results>
