<?xml version="1.0" encoding="UTF-8"?>
<testng-results ignored="0" total="1" passed="1" failed="0" skipped="0">
  <reporter-output>
  </reporter-output>
  <suite started-at="2023-12-11T11:45:34 IST" name="Default suite" finished-at="2023-12-11T11:45:56 IST" duration-ms="22485">
    <groups>
    </groups>
    <test started-at="2023-12-11T11:45:34 IST" name="Default test" finished-at="2023-12-11T11:45:56 IST" duration-ms="22485">
      <class name="src.javaPackage.document_module">
        <test-method is-config="true" signature="browser()[pri:0, instance:src.javaPackage.document_module@13df2a8c]" started-at="2023-12-11T11:45:34 IST" name="browser" description="Lauching the Browser" finished-at="2023-12-11T11:45:38 IST" duration-ms="4609" status="PASS">
          <reporter-output>
          </reporter-output>
        </test-method> <!-- browser -->
        <test-method signature="Document_module()[pri:1, instance:src.javaPackage.document_module@13df2a8c]" started-at="2023-12-11T11:45:38 IST" name="Document_module" description="hovering document module" finished-at="2023-12-11T11:45:56 IST" duration-ms="17830" status="PASS">
          <reporter-output>
          </reporter-output>
        </test-method> <!-- Document_module -->
      </class> <!-- src.javaPackage.document_module -->
    </test> <!-- Default test -->
  </suite> <!-- Default suite -->
</testng-results>
