<?xml version="1.0" encoding="UTF-8"?>
<!-- Generated by org.testng.reporters.JUnitXMLReporter -->
<testsuite ignored="1" hostname="01HW1889862" failures="0" tests="2" name="Tag" time="46.699" errors="0" timestamp="2023-12-07T14:04:00 IST">
  <testcase classname="src.javaPackage.tag_module" name="tag_click" time="25.957"/>
  <testcase classname="src.javaPackage.tag_module" name="module_tag_active" time="12.817"/>
  <testcase classname="src.javaPackage.tag_module" name="module_tag_pending" time="0.0">
    <ignored/>
  </testcase> <!-- module_tag_pending -->
</testsuite> <!-- Tag -->
